<?xml version="1.0" encoding="UTF-8"?>
<!-- Generated by org.testng.reporters.JUnitXMLReporter -->
<testsuite ignored="0" hostname="NODLTP50024558" failures="1" tests="5" name="crmpracticeframework/chrome" time="26.74" errors="0" timestamp="2020-05-22T02:05:24 IST">
  <testcase classname="com.tests.LoginTest" name="verifyLoginPageTitleTest" time="5.618"/>
  <testcase classname="com.tests.LoginTest" name="verifyLoginPageHeader" time="7.207"/>
  <testcase classname="com.tests.LoginTest" name="verifyLoginPageTitleTest" time="5.01"/>
  <testcase classname="com.tests.LoginTest" name="verifyLoginPageHeader" time="5.129"/>
  <testcase classname="com.tests.LoginTest" name="login" time="14.144">
    <failure type="java.lang.NullPointerException">
      <![CDATA[java.lang.NullPointerException
at com.pages.BasePage.getPageHeader(BasePage.java:23)
at com.pages.HomePage.getHomePageHeader(HomePage.java:27)
at com.tests.LoginTest.login(LoginTest.java:33)
at java.base/java.util.concurrent.ThreadPoolExecutor.runWorker(ThreadPoolExecutor.java:1130)
at java.base/java.util.concurrent.ThreadPoolExecutor$Worker.run(ThreadPoolExecutor.java:630)
at java.base/java.lang.Thread.run(Thread.java:832)
... Removed 12 stack frames]]>
    </failure>
  </testcase> <!-- login -->
</testsuite> <!-- crmpracticeframework/chrome -->
