<?xml version="1.0" encoding="UTF-8"?>
<testng-results skipped="0" failed="2" ignored="0" total="6" passed="4">
  <reporter-output>
  </reporter-output>
  <suite name="Suite" duration-ms="87545" started-at="2020-05-19T21:27:12Z" finished-at="2020-05-19T21:28:40Z">
    <groups>
    </groups>
    <test name="crmpracticeframework/chrome" duration-ms="81090" started-at="2020-05-19T21:27:12Z" finished-at="2020-05-19T21:28:33Z">
      <class name="com.tests.LoginTest">
        <test-method status="PASS" signature="setup(java.lang.String)[pri:0, instance:com.tests.LoginTest@13805618]" name="setup" is-config="true" duration-ms="9927" started-at="2020-05-19T21:27:12Z" finished-at="2020-05-19T21:27:22Z">
          <params>
            <param index="0">
              <value>
                <![CDATA[chrome]]>
              </value>
            </param>
          </params>
          <reporter-output>
          </reporter-output>
        </test-method> <!-- setup -->
        <test-method status="PASS" signature="verifyLoginPageTitleTest()[pri:0, instance:com.tests.LoginTest@13805618]" name="verifyLoginPageTitleTest" duration-ms="5024" started-at="2020-05-19T21:27:22Z" finished-at="2020-05-19T21:27:27Z">
          <reporter-output>
          </reporter-output>
        </test-method> <!-- verifyLoginPageTitleTest -->
        <test-method status="PASS" signature="teardown()[pri:0, instance:com.tests.LoginTest@13805618]" name="teardown" is-config="true" duration-ms="866" started-at="2020-05-19T21:27:27Z" finished-at="2020-05-19T21:27:28Z">
          <reporter-output>
          </reporter-output>
        </test-method> <!-- teardown -->
        <test-method status="PASS" signature="setup(java.lang.String)[pri:0, instance:com.tests.LoginTest@13805618]" name="setup" is-config="true" duration-ms="8360" started-at="2020-05-19T21:27:28Z" finished-at="2020-05-19T21:27:36Z">
          <params>
            <param index="0">
              <value>
                <![CDATA[chrome]]>
              </value>
            </param>
          </params>
          <reporter-output>
          </reporter-output>
        </test-method> <!-- setup -->
        <test-method status="PASS" signature="verifyLoginPageHeader()[pri:1, instance:com.tests.LoginTest@13805618]" name="verifyLoginPageHeader" duration-ms="5096" started-at="2020-05-19T21:27:36Z" finished-at="2020-05-19T21:27:41Z">
          <reporter-output>
          </reporter-output>
        </test-method> <!-- verifyLoginPageHeader -->
        <test-method status="PASS" signature="teardown()[pri:0, instance:com.tests.LoginTest@13805618]" name="teardown" is-config="true" duration-ms="807" started-at="2020-05-19T21:27:41Z" finished-at="2020-05-19T21:27:42Z">
          <reporter-output>
          </reporter-output>
        </test-method> <!-- teardown -->
        <test-method status="PASS" signature="setup(java.lang.String)[pri:0, instance:com.tests.LoginTest@13805618]" name="setup" is-config="true" duration-ms="8297" started-at="2020-05-19T21:27:42Z" finished-at="2020-05-19T21:27:51Z">
          <params>
            <param index="0">
              <value>
                <![CDATA[chrome]]>
              </value>
            </param>
          </params>
          <reporter-output>
          </reporter-output>
        </test-method> <!-- setup -->
        <test-method status="FAIL" signature="login()[pri:2, instance:com.tests.LoginTest@13805618]" name="login" duration-ms="41744" started-at="2020-05-19T21:27:51Z" finished-at="2020-05-19T21:28:32Z">
          <exception class="java.lang.NullPointerException">
            <full-stacktrace>
              <![CDATA[java.lang.NullPointerException
at com.pages.BasePage.getPageHeader(BasePage.java:23)
at com.pages.HomePage.getHomePageHeader(HomePage.java:27)
at com.tests.LoginTest.login(LoginTest.java:33)
at sun.reflect.NativeMethodAccessorImpl.invoke0(Native Method)
at sun.reflect.NativeMethodAccessorImpl.invoke(Unknown Source)
at sun.reflect.DelegatingMethodAccessorImpl.invoke(Unknown Source)
at java.lang.reflect.Method.invoke(Unknown Source)
at org.testng.internal.MethodInvocationHelper.invokeMethod(MethodInvocationHelper.java:124)
at org.testng.internal.Invoker.invokeMethod(Invoker.java:583)
at org.testng.internal.Invoker.invokeTestMethod(Invoker.java:719)
at org.testng.internal.Invoker.invokeTestMethods(Invoker.java:989)
at org.testng.internal.TestMethodWorker.invokeTestMethods(TestMethodWorker.java:125)
at org.testng.internal.TestMethodWorker.run(TestMethodWorker.java:109)
at java.util.concurrent.ThreadPoolExecutor.runWorker(Unknown Source)
at java.util.concurrent.ThreadPoolExecutor$Worker.run(Unknown Source)
at java.lang.Thread.run(Unknown Source)
]]>
            </full-stacktrace>
          </exception> <!-- java.lang.NullPointerException -->
          <reporter-output>
          </reporter-output>
        </test-method> <!-- login -->
        <test-method status="PASS" signature="teardown()[pri:0, instance:com.tests.LoginTest@13805618]" name="teardown" is-config="true" duration-ms="929" started-at="2020-05-19T21:28:32Z" finished-at="2020-05-19T21:28:33Z">
          <reporter-output>
          </reporter-output>
        </test-method> <!-- teardown -->
      </class> <!-- com.tests.LoginTest -->
    </test> <!-- crmpracticeframework/chrome -->
    <test name="crmpracticeframework/Firefox" duration-ms="87545" started-at="2020-05-19T21:27:12Z" finished-at="2020-05-19T21:28:40Z">
      <class name="com.tests.LoginTest">
        <test-method status="PASS" signature="setup(java.lang.String)[pri:0, instance:com.tests.LoginTest@52a86356]" name="setup" is-config="true" duration-ms="11560" started-at="2020-05-19T21:27:12Z" finished-at="2020-05-19T21:27:24Z">
          <params>
            <param index="0">
              <value>
                <![CDATA[ff]]>
              </value>
            </param>
          </params>
          <reporter-output>
          </reporter-output>
        </test-method> <!-- setup -->
        <test-method status="PASS" signature="verifyLoginPageTitleTest()[pri:0, instance:com.tests.LoginTest@52a86356]" name="verifyLoginPageTitleTest" duration-ms="5016" started-at="2020-05-19T21:27:24Z" finished-at="2020-05-19T21:27:29Z">
          <reporter-output>
          </reporter-output>
        </test-method> <!-- verifyLoginPageTitleTest -->
        <test-method status="PASS" signature="teardown()[pri:0, instance:com.tests.LoginTest@52a86356]" name="teardown" is-config="true" duration-ms="2105" started-at="2020-05-19T21:27:29Z" finished-at="2020-05-19T21:27:31Z">
          <reporter-output>
          </reporter-output>
        </test-method> <!-- teardown -->
        <test-method status="PASS" signature="setup(java.lang.String)[pri:0, instance:com.tests.LoginTest@52a86356]" name="setup" is-config="true" duration-ms="11065" started-at="2020-05-19T21:27:31Z" finished-at="2020-05-19T21:27:42Z">
          <params>
            <param index="0">
              <value>
                <![CDATA[ff]]>
              </value>
            </param>
          </params>
          <reporter-output>
          </reporter-output>
        </test-method> <!-- setup -->
        <test-method status="PASS" signature="verifyLoginPageHeader()[pri:1, instance:com.tests.LoginTest@52a86356]" name="verifyLoginPageHeader" duration-ms="5113" started-at="2020-05-19T21:27:42Z" finished-at="2020-05-19T21:27:47Z">
          <reporter-output>
          </reporter-output>
        </test-method> <!-- verifyLoginPageHeader -->
        <test-method status="PASS" signature="teardown()[pri:0, instance:com.tests.LoginTest@52a86356]" name="teardown" is-config="true" duration-ms="1745" started-at="2020-05-19T21:27:47Z" finished-at="2020-05-19T21:27:49Z">
          <reporter-output>
          </reporter-output>
        </test-method> <!-- teardown -->
        <test-method status="PASS" signature="setup(java.lang.String)[pri:0, instance:com.tests.LoginTest@52a86356]" name="setup" is-config="true" duration-ms="10046" started-at="2020-05-19T21:27:49Z" finished-at="2020-05-19T21:27:59Z">
          <params>
            <param index="0">
              <value>
                <![CDATA[ff]]>
              </value>
            </param>
          </params>
          <reporter-output>
          </reporter-output>
        </test-method> <!-- setup -->
        <test-method status="FAIL" signature="login()[pri:2, instance:com.tests.LoginTest@52a86356]" name="login" duration-ms="39450" started-at="2020-05-19T21:27:59Z" finished-at="2020-05-19T21:28:38Z">
          <exception class="java.lang.NullPointerException">
            <full-stacktrace>
              <![CDATA[java.lang.NullPointerException
at com.pages.BasePage.getPageHeader(BasePage.java:23)
at com.pages.HomePage.getHomePageHeader(HomePage.java:27)
at com.tests.LoginTest.login(LoginTest.java:33)
at sun.reflect.NativeMethodAccessorImpl.invoke0(Native Method)
at sun.reflect.NativeMethodAccessorImpl.invoke(Unknown Source)
at sun.reflect.DelegatingMethodAccessorImpl.invoke(Unknown Source)
at java.lang.reflect.Method.invoke(Unknown Source)
at org.testng.internal.MethodInvocationHelper.invokeMethod(MethodInvocationHelper.java:124)
at org.testng.internal.Invoker.invokeMethod(Invoker.java:583)
at org.testng.internal.Invoker.invokeTestMethod(Invoker.java:719)
at org.testng.internal.Invoker.invokeTestMethods(Invoker.java:989)
at org.testng.internal.TestMethodWorker.invokeTestMethods(TestMethodWorker.java:125)
at org.testng.internal.TestMethodWorker.run(TestMethodWorker.java:109)
at java.util.concurrent.ThreadPoolExecutor.runWorker(Unknown Source)
at java.util.concurrent.ThreadPoolExecutor$Worker.run(Unknown Source)
at java.lang.Thread.run(Unknown Source)
]]>
            </full-stacktrace>
          </exception> <!-- java.lang.NullPointerException -->
          <reporter-output>
          </reporter-output>
        </test-method> <!-- login -->
        <test-method status="PASS" signature="teardown()[pri:0, instance:com.tests.LoginTest@52a86356]" name="teardown" is-config="true" duration-ms="1412" started-at="2020-05-19T21:28:38Z" finished-at="2020-05-19T21:28:40Z">
          <reporter-output>
          </reporter-output>
        </test-method> <!-- teardown -->
      </class> <!-- com.tests.LoginTest -->
    </test> <!-- crmpracticeframework/Firefox -->
  </suite> <!-- Suite -->
</testng-results>
